// serial history
// serial history
// 2 transactions
// 2 transactions
// same object accessed
// same object accessed
// multiple times
// multiple times
Log S2T.log
Log file name:S2T.log

BeginTx 1 W
BeginTx : 1

TxType : W

Read    1 1
Read : 1 : 1

Read    1 2
Read : 1 : 2

Write   1 3
Write : 1 : 3

Write   1 4
Write : 1 : 4

read    1 1
Read : 1 : 1

write   1 2
Write : 1 : 2

write   1 4
Write : 1 : 4

write   1 4
Write : 1 : 4

commit 1
Commit : 1

begintx 2 W
BeginTx : 2

TxType : W

read    2 5
Read : 2 : 5

write   2 5
Write : 2 : 5

write   2 6
Write : 2 : 6

read    2 6
Read : 2 : 6

commit  2
Commit : 2

end all
Release all resources and exit:

Wait for threads and cleanup
Thread 0 completed with ret value: 0
Thread 1 completed with ret value: 0
Thread 2 completed with ret value: 0
Thread 3 completed with ret value: 0
Thread 4 completed with ret value: 0
Thread 5 completed with ret value: 0
Thread 6 completed with ret value: 0
Thread 7 completed with ret value: 0
Thread 8 completed with ret value: 0
Thread 9 completed with ret value: 0
Thread 10 completed with ret value: 0
Thread 11 completed with ret value: 0
Thread 12 completed with ret value: 0
Thread 13 completed with ret value: 0
Thread 14 completed with ret value: 0
Thread 15 completed with ret value: 0
ALL threads finished their work
Releasing mutexes and condpool
Releasing all semaphores
endTm completed
